<?xml version="1.0" encoding="UTF-8"?>
<!-- Generated by org.testng.reporters.JUnitReportReporter -->
<testsuite hostname="LTPCHE032363038" failures="0" tests="1" name="Automation.TestNGExample" time="28.583" errors="0" timestamp="2022-12-05T19:48:17 IST" skipped="0">
  <testcase classname="Automation.TestNGExample" name="verifyHomePageTitle" time="28.583"/>
  <system-out/>
</testsuite> <!-- Automation.TestNGExample -->
