<?xml version="1.0" encoding="UTF-8"?>
<!-- Generated by org.testng.reporters.JUnitReportReporter -->
<testsuite hostname="LTPCHE03CTA0110" failures="0" tests="7" name="Automation.Excercise1" time="0.037" errors="0" timestamp="2022-09-29T14:26:13 IST" skipped="0">
  <testcase classname="Automation.Excercise1" name="isNumericNegativeTest" time="0.018"/>
  <system-out/>
  <testcase classname="Automation.Excercise1" name="isNumericNegativeTest" time="0.003"/>
  <system-out/>
  <testcase classname="Automation.Excercise1" name="isNumericTest" time="0.003"/>
  <system-out/>
  <testcase classname="Automation.Excercise1" name="isNumericNegativeTest" time="0.003"/>
  <system-out/>
  <testcase classname="Automation.Excercise1" name="isNumericNegativeTest" time="0.003"/>
  <system-out/>
  <testcase classname="Automation.Excercise1" name="isNumericNegativeTest" time="0.003"/>
  <system-out/>
  <testcase classname="Automation.Excercise1" name="isNumericTest" time="0.004"/>
  <system-out/>
</testsuite> <!-- Automation.Excercise1 -->
