<?xml version="1.0" encoding="UTF-8"?>
<!-- Generated by org.testng.reporters.JUnitReportReporter -->
<testsuite hostname="LTPCHE032363038" failures="0" tests="1" name="Automation.AnnotationExample" time="7.344" errors="0" timestamp="2022-12-05T19:54:00 IST" skipped="0">
  <testcase classname="Automation.AnnotationExample" name="verifyHomeTitle" time="7.344"/>
  <system-out/>
</testsuite> <!-- Automation.AnnotationExample -->
