<?xml version="1.0" encoding="UTF-8"?>
<!-- Generated by org.testng.reporters.JUnitReportReporter -->
<testsuite hostname="LTPCHE03CTA0110" failures="0" tests="2" name="Automation.TestNGParallelTest" time="60.706" errors="0" timestamp="2022-09-22T22:47:20 IST" skipped="0">
  <testcase classname="Automation.TestNGParallelTest" name="calcTest" time="30.411"/>
  <system-out/>
  <testcase classname="Automation.TestNGParallelTest" name="searchTest" time="30.295"/>
  <system-out/>
</testsuite> <!-- Automation.TestNGParallelTest -->
