<?xml version="1.0" encoding="UTF-8"?>
<!-- Generated by org.testng.reporters.JUnitReportReporter -->
<testsuite hostname="LTPCHE03CTA0110" failures="0" tests="2" name="Automation.TestngMethodandClassAnotations" time="28.953" errors="0" timestamp="2022-09-20T19:19:18 IST" skipped="0">
  <testcase classname="Automation.TestngMethodandClassAnotations" name="calcTest" time="14.161"/>
  <system-out/>
  <testcase classname="Automation.TestngMethodandClassAnotations" name="calcTest2" time="14.792"/>
  <system-out/>
</testsuite> <!-- Automation.TestngMethodandClassAnotations -->
