<?xml version="1.0" encoding="UTF-8"?>
<!-- Generated by org.testng.reporters.JUnitReportReporter -->
<testsuite hostname="LTPCHE03CTA0110" failures="0" tests="1" name="Automation.TestNGDemo" time="30.255" errors="0" timestamp="2022-09-20T03:09:40 IST" skipped="0">
  <testcase classname="Automation.TestNGDemo" name="calcTest" time="30.255"/>
  <system-out/>
</testsuite> <!-- Automation.TestNGDemo -->
