<?xml version="1.0" encoding="UTF-8"?>
<!-- Generated by org.testng.reporters.JUnitReportReporter -->
<testsuite hostname="LTPCHE03CTA0110" failures="0" tests="1" name="Automation.MyDropdown" time="27.214" errors="0" timestamp="2022-10-14T16:44:14 IST" skipped="0">
  <testcase classname="Automation.MyDropdown" name="testDropdown" time="27.214"/>
  <system-out/>
</testsuite> <!-- Automation.MyDropdown -->
